<?xml version="1.0" encoding="UTF-8"?>
<!-- Generated by org.testng.reporters.JUnitReportReporter -->
<testsuite name="org.testing.testcases.TC4_GetAllRecords" tests="1" time="2.147" ignored="0" failures="0" timestamp="24 Jun 2021 11:18:41 GMT" skipped="0" hostname="LAPTOP-UF1VKL1T" errors="0">
  <testcase name="TC4" time="2.147" classname="org.testing.testcases.TC4_GetAllRecords"/>
</testsuite> <!-- org.testing.testcases.TC4_GetAllRecords -->
